This is METAFONT, Version 2.7182818 (TeX Live 2015/Debian) (preloaded base=mf 2019.10.12)  17 JAN 2020 15:52
**graphene+WS2+CrGeTe_hr.dat ../../WS2+graphene+Cr2Ge2Te6/1000x1000/WS2+graphen
e+CrGeTe_hr.dat
(graphene+WS2+CrGeTe_hr.dat
>> written.on2020-18
! Isolated expression.
<to be read again> 
                   15
l.1  written on 2020-01-17 15
                             :51:22
? 
! Extra tokens will be flushed.
<to be read again> 
                   15
l.1  written on 2020-01-17 15
                             :51:22
? 
! Interruption.
l.1  written on 2020-01-17 15
                             :51:22
? quit
OK, entering batchmode...

! Interruption.
l.7329355 
          
? 
! Emergency stop.
l.7329355 
          
End of file on the terminal!


