\BOOKMARK [0][-]{chapter.1}{\376\377\0001\000\040\000T\000B\000-\000N\000u\000m\000C\000a\000l}{}% 1
\BOOKMARK [1][-]{section.1.1}{\376\377\0001\000.\0001\000\040\000I\000n\000t\000r\000o\000d\000u\000c\000t\000i\000o\000n}{chapter.1}% 2
\BOOKMARK [1][-]{section.1.2}{\376\377\0001\000.\0002\000\040\000I\000n\000s\000t\000a\000l\000l\000a\000t\000i\000o\000n}{chapter.1}% 3
\BOOKMARK [0][-]{chapter.2}{\376\377\0002\000\040\000N\000a\000m\000e\000s\000p\000a\000c\000e\000\040\000I\000n\000d\000e\000x}{}% 4
\BOOKMARK [1][-]{section.2.1}{\376\377\0002\000.\0001\000\040\000N\000a\000m\000e\000s\000p\000a\000c\000e\000\040\000L\000i\000s\000t}{chapter.2}% 5
\BOOKMARK [0][-]{chapter.3}{\376\377\0003\000\040\000H\000i\000e\000r\000a\000r\000c\000h\000i\000c\000a\000l\000\040\000I\000n\000d\000e\000x}{}% 6
\BOOKMARK [1][-]{section.3.1}{\376\377\0003\000.\0001\000\040\000C\000l\000a\000s\000s\000\040\000H\000i\000e\000r\000a\000r\000c\000h\000y}{chapter.3}% 7
\BOOKMARK [0][-]{chapter.4}{\376\377\0004\000\040\000C\000l\000a\000s\000s\000\040\000I\000n\000d\000e\000x}{}% 8
\BOOKMARK [1][-]{section.4.1}{\376\377\0004\000.\0001\000\040\000C\000l\000a\000s\000s\000\040\000L\000i\000s\000t}{chapter.4}% 9
\BOOKMARK [0][-]{chapter.5}{\376\377\0005\000\040\000F\000i\000l\000e\000\040\000I\000n\000d\000e\000x}{}% 10
\BOOKMARK [1][-]{section.5.1}{\376\377\0005\000.\0001\000\040\000F\000i\000l\000e\000\040\000L\000i\000s\000t}{chapter.5}% 11
\BOOKMARK [0][-]{chapter.6}{\376\377\0006\000\040\000N\000a\000m\000e\000s\000p\000a\000c\000e\000\040\000D\000o\000c\000u\000m\000e\000n\000t\000a\000t\000i\000o\000n}{}% 12
\BOOKMARK [1][-]{section.6.1}{\376\377\0006\000.\0001\000\040\000c\000u\000s\000t\000o\000m\000\137\000r\000a\000n\000d\000o\000m\000\040\000N\000a\000m\000e\000s\000p\000a\000c\000e\000\040\000R\000e\000f\000e\000r\000e\000n\000c\000e}{chapter.6}% 13
\BOOKMARK [2][-]{subsection.6.1.1}{\376\377\0006\000.\0001\000.\0001\000\040\000T\000y\000p\000e\000d\000e\000f\000\040\000D\000o\000c\000u\000m\000e\000n\000t\000a\000t\000i\000o\000n}{section.6.1}% 14
\BOOKMARK [3][-]{subsubsection.6.1.1.1}{\376\377\0006\000.\0001\000.\0001\000.\0001\000\040\000g\000e\000n\000e\000r\000a\000t\000o\000r}{subsection.6.1.1}% 15
\BOOKMARK [3][-]{subsubsection.6.1.1.2}{\376\377\0006\000.\0001\000.\0001\000.\0002\000\040\000u\000n\000i\000f\000o\000r\000m\000r\000e\000a\000l\000d\000i\000s\000t}{subsection.6.1.1}% 16
\BOOKMARK [1][-]{section.6.2}{\376\377\0006\000.\0002\000\040\000m\000y\000\040\000N\000a\000m\000e\000s\000p\000a\000c\000e\000\040\000R\000e\000f\000e\000r\000e\000n\000c\000e}{chapter.6}% 17
\BOOKMARK [2][-]{subsection.6.2.1}{\376\377\0006\000.\0002\000.\0001\000\040\000D\000e\000t\000a\000i\000l\000e\000d\000\040\000D\000e\000s\000c\000r\000i\000p\000t\000i\000o\000n}{section.6.2}% 18
\BOOKMARK [2][-]{subsection.6.2.2}{\376\377\0006\000.\0002\000.\0002\000\040\000T\000y\000p\000e\000d\000e\000f\000\040\000D\000o\000c\000u\000m\000e\000n\000t\000a\000t\000i\000o\000n}{section.6.2}% 19
\BOOKMARK [3][-]{subsubsection.6.2.2.1}{\376\377\0006\000.\0002\000.\0002\000.\0001\000\040\000c\000o\000m\000p\000l\000e\000x}{subsection.6.2.2}% 20
\BOOKMARK [3][-]{subsubsection.6.2.2.2}{\376\377\0006\000.\0002\000.\0002\000.\0002\000\040\000d\000v\000e\000c\000t\000o\000r}{subsection.6.2.2}% 21
\BOOKMARK [3][-]{subsubsection.6.2.2.3}{\376\377\0006\000.\0002\000.\0002\000.\0003\000\040\000i\000n\000t\000e\000g\000e\000r}{subsection.6.2.2}% 22
\BOOKMARK [3][-]{subsubsection.6.2.2.4}{\376\377\0006\000.\0002\000.\0002\000.\0004\000\040\000r\000e\000a\000l}{subsection.6.2.2}% 23
\BOOKMARK [3][-]{subsubsection.6.2.2.5}{\376\377\0006\000.\0002\000.\0002\000.\0005\000\040\000s\000c\000a\000l\000a\000r}{subsection.6.2.2}% 24
\BOOKMARK [3][-]{subsubsection.6.2.2.6}{\376\377\0006\000.\0002\000.\0002\000.\0006\000\040\000s\000i\000z\000e\000t}{subsection.6.2.2}% 25
\BOOKMARK [3][-]{subsubsection.6.2.2.7}{\376\377\0006\000.\0002\000.\0002\000.\0007\000\040\000s\000p\000E\000n\000t\000r\000y}{subsection.6.2.2}% 26
\BOOKMARK [3][-]{subsubsection.6.2.2.8}{\376\377\0006\000.\0002\000.\0002\000.\0008\000\040\000S\000p\000M\000a\000t}{subsection.6.2.2}% 27
\BOOKMARK [3][-]{subsubsection.6.2.2.9}{\376\377\0006\000.\0002\000.\0002\000.\0009\000\040\000v\000e\000c\000t\000o\000r}{subsection.6.2.2}% 28
\BOOKMARK [1][-]{section.6.3}{\376\377\0006\000.\0003\000\040\000N\000u\000m\000C\000a\000l\000\040\000N\000a\000m\000e\000s\000p\000a\000c\000e\000\040\000R\000e\000f\000e\000r\000e\000n\000c\000e}{chapter.6}% 29
\BOOKMARK [2][-]{subsection.6.3.1}{\376\377\0006\000.\0003\000.\0001\000\040\000T\000y\000p\000e\000d\000e\000f\000\040\000D\000o\000c\000u\000m\000e\000n\000t\000a\000t\000i\000o\000n}{section.6.3}% 30
\BOOKMARK [3][-]{subsubsection.6.3.1.1}{\376\377\0006\000.\0003\000.\0001\000.\0001\000\040\000c\000o\000m\000p\000l\000e\000x}{subsection.6.3.1}% 31
\BOOKMARK [3][-]{subsubsection.6.3.1.2}{\376\377\0006\000.\0003\000.\0001\000.\0002\000\040\000d\000v\000e\000c\000t\000o\000r}{subsection.6.3.1}% 32
\BOOKMARK [3][-]{subsubsection.6.3.1.3}{\376\377\0006\000.\0003\000.\0001\000.\0003\000\040\000i\000n\000t\000e\000g\000e\000r}{subsection.6.3.1}% 33
\BOOKMARK [3][-]{subsubsection.6.3.1.4}{\376\377\0006\000.\0003\000.\0001\000.\0004\000\040\000r\000e\000a\000l}{subsection.6.3.1}% 34
\BOOKMARK [3][-]{subsubsection.6.3.1.5}{\376\377\0006\000.\0003\000.\0001\000.\0005\000\040\000s\000c\000a\000l\000a\000r}{subsection.6.3.1}% 35
\BOOKMARK [3][-]{subsubsection.6.3.1.6}{\376\377\0006\000.\0003\000.\0001\000.\0006\000\040\000s\000i\000z\000e\000t}{subsection.6.3.1}% 36
\BOOKMARK [3][-]{subsubsection.6.3.1.7}{\376\377\0006\000.\0003\000.\0001\000.\0007\000\040\000s\000p\000E\000n\000t\000r\000y}{subsection.6.3.1}% 37
\BOOKMARK [3][-]{subsubsection.6.3.1.8}{\376\377\0006\000.\0003\000.\0001\000.\0008\000\040\000S\000p\000M\000a\000t}{subsection.6.3.1}% 38
\BOOKMARK [3][-]{subsubsection.6.3.1.9}{\376\377\0006\000.\0003\000.\0001\000.\0009\000\040\000v\000e\000c\000t\000o\000r}{subsection.6.3.1}% 39
\BOOKMARK [1][-]{section.6.4}{\376\377\0006\000.\0004\000\040\000s\000p\000a\000r\000s\000e\000\040\000N\000a\000m\000e\000s\000p\000a\000c\000e\000\040\000R\000e\000f\000e\000r\000e\000n\000c\000e}{chapter.6}% 40
\BOOKMARK [2][-]{subsection.6.4.1}{\376\377\0006\000.\0004\000.\0001\000\040\000D\000e\000t\000a\000i\000l\000e\000d\000\040\000D\000e\000s\000c\000r\000i\000p\000t\000i\000o\000n}{section.6.4}% 41
\BOOKMARK [2][-]{subsection.6.4.2}{\376\377\0006\000.\0004\000.\0002\000\040\000T\000y\000p\000e\000d\000e\000f\000\040\000D\000o\000c\000u\000m\000e\000n\000t\000a\000t\000i\000o\000n}{section.6.4}% 42
\BOOKMARK [3][-]{subsubsection.6.4.2.1}{\376\377\0006\000.\0004\000.\0002\000.\0001\000\040\000E\000i\000g\000e\000n\000M\000a\000t}{subsection.6.4.2}% 43
\BOOKMARK [3][-]{subsubsection.6.4.2.2}{\376\377\0006\000.\0004\000.\0002\000.\0002\000\040\000E\000n\000t\000r\000y}{subsection.6.4.2}% 44
\BOOKMARK [0][-]{chapter.7}{\376\377\0007\000\040\000C\000l\000a\000s\000s\000\040\000D\000o\000c\000u\000m\000e\000n\000t\000a\000t\000i\000o\000n}{}% 45
\BOOKMARK [1][-]{section.7.1}{\376\377\0007\000.\0001\000\040\000N\000u\000m\000C\000a\000l\000:\000:\000c\000e\000r\000r\000\137\000c\000l\000a\000s\000s\000\040\000C\000l\000a\000s\000s\000\040\000R\000e\000f\000e\000r\000e\000n\000c\000e}{chapter.7}% 46
\BOOKMARK [2][-]{subsection.7.1.1}{\376\377\0007\000.\0001\000.\0001\000\040\000C\000o\000n\000s\000t\000r\000u\000c\000t\000o\000r\000\040\000\046\000\040\000D\000e\000s\000t\000r\000u\000c\000t\000o\000r\000\040\000D\000o\000c\000u\000m\000e\000n\000t\000a\000t\000i\000o\000n}{section.7.1}% 47
\BOOKMARK [3][-]{subsubsection.7.1.1.1}{\376\377\0007\000.\0001\000.\0001\000.\0001\000\040\000c\000e\000r\000r\000c\000l\000a\000s\000s\000\050\000\051}{subsection.7.1.1}% 48
\BOOKMARK [3][-]{subsubsection.7.1.1.2}{\376\377\0007\000.\0001\000.\0001\000.\0002\000\040\000c\000e\000r\000r\000c\000l\000a\000s\000s\000\050\000c\000o\000n\000s\000t\000\040\000s\000t\000d\000:\000:\000s\000t\000r\000i\000n\000g\000\040\000i\000n\000i\000t\000m\000e\000s\000s\000a\000g\000e\000\051}{subsection.7.1.1}% 49
\BOOKMARK [2][-]{subsection.7.1.2}{\376\377\0007\000.\0001\000.\0002\000\040\000M\000e\000m\000b\000e\000r\000\040\000F\000u\000n\000c\000t\000i\000o\000n\000\040\000D\000o\000c\000u\000m\000e\000n\000t\000a\000t\000i\000o\000n}{section.7.1}% 50
\BOOKMARK [3][-]{subsubsection.7.1.2.1}{\376\377\0007\000.\0001\000.\0002\000.\0001\000\040\000o\000p\000e\000r\000a\000t\000o\000r\000<\000<\000\050\000c\000o\000n\000s\000t\000\040\000T\000\040\000v\000\051}{subsection.7.1.2}% 51
\BOOKMARK [1][-]{section.7.2}{\376\377\0007\000.\0002\000\040\000N\000u\000m\000C\000a\000l\000:\000:\000c\000o\000u\000t\000\137\000c\000l\000a\000s\000s\000\040\000C\000l\000a\000s\000s\000\040\000R\000e\000f\000e\000r\000e\000n\000c\000e}{chapter.7}% 52
\BOOKMARK [2][-]{subsection.7.2.1}{\376\377\0007\000.\0002\000.\0001\000\040\000C\000o\000n\000s\000t\000r\000u\000c\000t\000o\000r\000\040\000\046\000\040\000D\000e\000s\000t\000r\000u\000c\000t\000o\000r\000\040\000D\000o\000c\000u\000m\000e\000n\000t\000a\000t\000i\000o\000n}{section.7.2}% 53
\BOOKMARK [3][-]{subsubsection.7.2.1.1}{\376\377\0007\000.\0002\000.\0001\000.\0001\000\040\000c\000o\000u\000t\000c\000l\000a\000s\000s\000\050\000\051}{subsection.7.2.1}% 54
\BOOKMARK [3][-]{subsubsection.7.2.1.2}{\376\377\0007\000.\0002\000.\0001\000.\0002\000\040\000c\000o\000u\000t\000c\000l\000a\000s\000s\000\050\000c\000o\000n\000s\000t\000\040\000s\000t\000d\000:\000:\000s\000t\000r\000i\000n\000g\000\040\000i\000n\000i\000t\000m\000e\000s\000s\000a\000g\000e\000\051}{subsection.7.2.1}% 55
\BOOKMARK [2][-]{subsection.7.2.2}{\376\377\0007\000.\0002\000.\0002\000\040\000M\000e\000m\000b\000e\000r\000\040\000F\000u\000n\000c\000t\000i\000o\000n\000\040\000D\000o\000c\000u\000m\000e\000n\000t\000a\000t\000i\000o\000n}{section.7.2}% 56
\BOOKMARK [3][-]{subsubsection.7.2.2.1}{\376\377\0007\000.\0002\000.\0002\000.\0001\000\040\000o\000p\000e\000r\000a\000t\000o\000r\000<\000<\000\050\000c\000o\000n\000s\000t\000\040\000T\000\040\000v\000\051}{subsection.7.2.2}% 57
\BOOKMARK [1][-]{section.7.3}{\376\377\0007\000.\0003\000\040\000m\000y\000:\000:\000S\000p\000a\000r\000s\000e\000M\000a\000t\000r\000i\000x\000\040\000C\000l\000a\000s\000s\000\040\000R\000e\000f\000e\000r\000e\000n\000c\000e}{chapter.7}% 58
\BOOKMARK [2][-]{subsection.7.3.1}{\376\377\0007\000.\0003\000.\0001\000\040\000D\000e\000t\000a\000i\000l\000e\000d\000\040\000D\000e\000s\000c\000r\000i\000p\000t\000i\000o\000n}{section.7.3}% 59
\BOOKMARK [2][-]{subsection.7.3.2}{\376\377\0007\000.\0003\000.\0002\000\040\000C\000o\000n\000s\000t\000r\000u\000c\000t\000o\000r\000\040\000\046\000\040\000D\000e\000s\000t\000r\000u\000c\000t\000o\000r\000\040\000D\000o\000c\000u\000m\000e\000n\000t\000a\000t\000i\000o\000n}{section.7.3}% 60
\BOOKMARK [3][-]{subsubsection.7.3.2.1}{\376\377\0007\000.\0003\000.\0002\000.\0001\000\040\000S\000p\000a\000r\000s\000e\000M\000a\000t\000r\000i\000x\000\050\000\051}{subsection.7.3.2}% 61
\BOOKMARK [3][-]{subsubsection.7.3.2.2}{\376\377\0007\000.\0003\000.\0002\000.\0002\000\040\000S\000p\000a\000r\000s\000e\000M\000a\000t\000r\000i\000x\000\050\000c\000o\000n\000s\000t\000\040\000m\000y\000:\000:\000i\000n\000t\000e\000g\000e\000r\000\040\000n\000c\000o\000l\000,\000\040\000c\000o\000n\000s\000t\000\040\000m\000y\000:\000:\000i\000n\000t\000e\000g\000e\000r\000\040\000n\000r\000o\000w\000\051}{subsection.7.3.2}% 62
\BOOKMARK [2][-]{subsection.7.3.3}{\376\377\0007\000.\0003\000.\0003\000\040\000M\000e\000m\000b\000e\000r\000\040\000F\000u\000n\000c\000t\000i\000o\000n\000\040\000D\000o\000c\000u\000m\000e\000n\000t\000a\000t\000i\000o\000n}{section.7.3}% 63
\BOOKMARK [3][-]{subsubsection.7.3.3.1}{\376\377\0007\000.\0003\000.\0003\000.\0001\000\040\000A\000d\000d\000N\000e\000w\000R\000a\000w\000E\000n\000t\000r\000y\000\050\000c\000o\000n\000s\000t\000\040\000s\000p\000a\000r\000s\000e\000:\000:\000E\000n\000t\000r\000y\000\040\000t\000r\000i\000p\000l\000e\000t\000\051}{subsection.7.3.3}% 64
\BOOKMARK [3][-]{subsubsection.7.3.3.2}{\376\377\0007\000.\0003\000.\0003\000.\0002\000\040\000I\000s\000S\000e\000t\000\050\000\051\000\040\000c\000o\000n\000s\000t\000\040}{subsection.7.3.3}% 65
\BOOKMARK [3][-]{subsubsection.7.3.3.3}{\376\377\0007\000.\0003\000.\0003\000.\0003\000\040\000N\000u\000m\000R\000a\000w\000E\000n\000t\000r\000i\000e\000s\000\050\000\051\000\040\000c\000o\000n\000s\000t\000\040}{subsection.7.3.3}% 66
\BOOKMARK [3][-]{subsubsection.7.3.3.4}{\376\377\0007\000.\0003\000.\0003\000.\0004\000\040\000R\000a\000w\000E\000n\000t\000r\000y\000\050\000c\000o\000n\000s\000t\000\040\000m\000y\000:\000:\000i\000n\000t\000e\000g\000e\000r\000\040\000i\000d\000x\000\051\000\040\000c\000o\000n\000s\000t\000\040}{subsection.7.3.3}% 67
\BOOKMARK [3][-]{subsubsection.7.3.3.5}{\376\377\0007\000.\0003\000.\0003\000.\0005\000\040\000R\000a\000w\000E\000n\000t\000r\000y\000\050\000c\000o\000n\000s\000t\000\040\000m\000y\000:\000:\000i\000n\000t\000e\000g\000e\000r\000\040\000i\000d\000x\000\051}{subsection.7.3.3}% 68
\BOOKMARK [3][-]{subsubsection.7.3.3.6}{\376\377\0007\000.\0003\000.\0003\000.\0006\000\040\000R\000e\000s\000e\000r\000v\000e\000\050\000c\000o\000n\000s\000t\000\040\000m\000y\000:\000:\000i\000n\000t\000e\000g\000e\000r\000\040\000s\000i\000z\000e\000\051}{subsection.7.3.3}% 69
\BOOKMARK [3][-]{subsubsection.7.3.3.7}{\376\377\0007\000.\0003\000.\0003\000.\0007\000\040\000S\000e\000t\000F\000r\000o\000m\000R\000a\000w\000E\000n\000t\000r\000i\000e\000s\000\050\000\051}{subsection.7.3.3}% 70
\BOOKMARK [2][-]{subsection.7.3.4}{\376\377\0007\000.\0003\000.\0004\000\040\000M\000e\000m\000b\000e\000r\000\040\000D\000a\000t\000a\000\040\000D\000o\000c\000u\000m\000e\000n\000t\000a\000t\000i\000o\000n}{section.7.3}% 71
\BOOKMARK [3][-]{subsubsection.7.3.4.1}{\376\377\0007\000.\0003\000.\0004\000.\0001\000\040\000m\000a\000t\000E\000n\000t\000r\000y}{subsection.7.3.4}% 72
\BOOKMARK [3][-]{subsubsection.7.3.4.2}{\376\377\0007\000.\0003\000.\0004\000.\0002\000\040\000m\000a\000t\000r\000i\000x\000i\000s\000s\000e\000t}{subsection.7.3.4}% 73
\BOOKMARK [0][-]{chapter.8}{\376\377\0008\000\040\000F\000i\000l\000e\000\040\000D\000o\000c\000u\000m\000e\000n\000t\000a\000t\000i\000o\000n}{}% 74
\BOOKMARK [1][-]{section.8.1}{\376\377\0008\000.\0001\000\040\000h\000o\000m\000e\000p\000a\000g\000e\000.\000d\000o\000x\000\040\000F\000i\000l\000e\000\040\000R\000e\000f\000e\000r\000e\000n\000c\000e}{chapter.8}% 75
\BOOKMARK [1][-]{section.8.2}{\376\377\0008\000.\0002\000\040\000/\000t\000m\000p\000/\000T\000B\000-\000Q\000u\000a\000n\000t\000u\000m\000T\000r\000a\000n\000s\000p\000/\000i\000n\000c\000l\000u\000d\000e\000/\000c\000u\000s\000t\000o\000m\000\137\000r\000a\000n\000d\000o\000m\000.\000h\000p\000p\000\040\000F\000i\000l\000e\000\040\000R\000e\000f\000e\000r\000e\000n\000c\000e}{chapter.8}% 76
\BOOKMARK [1][-]{section.8.3}{\376\377\0008\000.\0003\000\040\000/\000t\000m\000p\000/\000T\000B\000-\000Q\000u\000a\000n\000t\000u\000m\000T\000r\000a\000n\000s\000p\000/\000i\000n\000c\000l\000u\000d\000e\000/\000e\000f\000f\000i\000c\000i\000e\000n\000t\000\137\000m\000o\000d\000.\000h\000p\000p\000\040\000F\000i\000l\000e\000\040\000R\000e\000f\000e\000r\000e\000n\000c\000e}{chapter.8}% 77
\BOOKMARK [2][-]{subsection.8.3.1}{\376\377\0008\000.\0003\000.\0001\000\040\000F\000u\000n\000c\000t\000i\000o\000n\000\040\000D\000o\000c\000u\000m\000e\000n\000t\000a\000t\000i\000o\000n}{section.8.3}% 78
\BOOKMARK [3][-]{subsubsection.8.3.1.1}{\376\377\0008\000.\0003\000.\0001\000.\0001\000\040\000E\000f\000f\000M\000o\000d\000\050\000m\000y\000:\000:\000i\000n\000t\000e\000g\000e\000r\000\040\000i\000,\000\040\000m\000y\000:\000:\000i\000n\000t\000e\000g\000e\000r\000\040\000s\000i\000z\000e\000\051}{subsection.8.3.1}% 79
\BOOKMARK [1][-]{section.8.4}{\376\377\0008\000.\0004\000\040\000/\000t\000m\000p\000/\000T\000B\000-\000Q\000u\000a\000n\000t\000u\000m\000T\000r\000a\000n\000s\000p\000/\000i\000n\000c\000l\000u\000d\000e\000/\000l\000a\000t\000t\000i\000c\000e\000\137\000g\000e\000o\000m\000e\000t\000r\000y\000.\000h\000\040\000F\000i\000l\000e\000\040\000R\000e\000f\000e\000r\000e\000n\000c\000e}{chapter.8}% 80
\BOOKMARK [1][-]{section.8.5}{\376\377\0008\000.\0005\000\040\000/\000t\000m\000p\000/\000T\000B\000-\000Q\000u\000a\000n\000t\000u\000m\000T\000r\000a\000n\000s\000p\000/\000i\000n\000c\000l\000u\000d\000e\000/\000m\000p\000i\000\137\000u\000t\000i\000l\000.\000h\000p\000p\000\040\000F\000i\000l\000e\000\040\000R\000e\000f\000e\000r\000e\000n\000c\000e}{chapter.8}% 81
\BOOKMARK [2][-]{subsection.8.5.1}{\376\377\0008\000.\0005\000.\0001\000\040\000M\000a\000c\000r\000o\000\040\000D\000e\000f\000i\000n\000i\000t\000i\000o\000n\000\040\000D\000o\000c\000u\000m\000e\000n\000t\000a\000t\000i\000o\000n}{section.8.5}% 82
\BOOKMARK [3][-]{subsubsection.8.5.1.1}{\376\377\0008\000.\0005\000.\0001\000.\0001\000\040\000N\000U\000M\000C\000A\000L\000M\000P\000I\000F\000I\000N\000A\000L\000I\000Z\000E}{subsection.8.5.1}% 83
\BOOKMARK [3][-]{subsubsection.8.5.1.2}{\376\377\0008\000.\0005\000.\0001\000.\0002\000\040\000N\000U\000M\000C\000A\000L\000M\000P\000I\000G\000E\000T\000P\000R\000O\000C}{subsection.8.5.1}% 84
\BOOKMARK [3][-]{subsubsection.8.5.1.3}{\376\377\0008\000.\0005\000.\0001\000.\0003\000\040\000N\000U\000M\000C\000A\000L\000M\000P\000I\000G\000E\000T\000R\000A\000N\000K}{subsection.8.5.1}% 85
\BOOKMARK [3][-]{subsubsection.8.5.1.4}{\376\377\0008\000.\0005\000.\0001\000.\0004\000\040\000N\000U\000M\000C\000A\000L\000M\000P\000I\000I\000N\000I\000T}{subsection.8.5.1}% 86
\BOOKMARK [1][-]{section.8.6}{\376\377\0008\000.\0006\000\040\000/\000t\000m\000p\000/\000T\000B\000-\000Q\000u\000a\000n\000t\000u\000m\000T\000r\000a\000n\000s\000p\000/\000i\000n\000c\000l\000u\000d\000e\000/\000s\000p\000a\000r\000s\000e\000\137\000m\000a\000t\000r\000i\000x\000.\000h\000p\000p\000\040\000F\000i\000l\000e\000\040\000R\000e\000f\000e\000r\000e\000n\000c\000e}{chapter.8}% 87
\BOOKMARK [1][-]{section.8.7}{\376\377\0008\000.\0007\000\040\000/\000t\000m\000p\000/\000T\000B\000-\000Q\000u\000a\000n\000t\000u\000m\000T\000r\000a\000n\000s\000p\000/\000i\000n\000c\000l\000u\000d\000e\000/\000t\000i\000m\000i\000n\000g\000.\000h\000p\000p\000\040\000F\000i\000l\000e\000\040\000R\000e\000f\000e\000r\000e\000n\000c\000e}{chapter.8}% 88
\BOOKMARK [1][-]{section.8.8}{\376\377\0008\000.\0008\000\040\000/\000t\000m\000p\000/\000T\000B\000-\000Q\000u\000a\000n\000t\000u\000m\000T\000r\000a\000n\000s\000p\000/\000i\000n\000c\000l\000u\000d\000e\000/\000t\000y\000p\000e\000s\000\137\000d\000e\000f\000i\000n\000i\000t\000i\000o\000n\000s\000.\000h\000p\000p\000\040\000F\000i\000l\000e\000\040\000R\000e\000f\000e\000r\000e\000n\000c\000e}{chapter.8}% 89
\BOOKMARK [2][-]{subsection.8.8.1}{\376\377\0008\000.\0008\000.\0001\000\040\000T\000y\000p\000e\000d\000e\000f\000\040\000D\000o\000c\000u\000m\000e\000n\000t\000a\000t\000i\000o\000n}{section.8.8}% 90
\BOOKMARK [3][-]{subsubsection.8.8.1.1}{\376\377\0008\000.\0008\000.\0001\000.\0001\000\040\000e\000x\000t\000e\000r\000n\000a\000l\000c\000o\000m\000p\000l\000e\000x}{subsection.8.8.1}% 91
\BOOKMARK [3][-]{subsubsection.8.8.1.2}{\376\377\0008\000.\0008\000.\0001\000.\0002\000\040\000e\000x\000t\000e\000r\000n\000a\000l\000d\000v\000e\000c\000t\000o\000r}{subsection.8.8.1}% 92
\BOOKMARK [3][-]{subsubsection.8.8.1.3}{\376\377\0008\000.\0008\000.\0001\000.\0003\000\040\000e\000x\000t\000e\000r\000n\000a\000l\000r\000e\000a\000l}{subsection.8.8.1}% 93
\BOOKMARK [3][-]{subsubsection.8.8.1.4}{\376\377\0008\000.\0008\000.\0001\000.\0004\000\040\000e\000x\000t\000e\000r\000n\000a\000l\000s\000c\000a\000l\000a\000r}{subsection.8.8.1}% 94
\BOOKMARK [3][-]{subsubsection.8.8.1.5}{\376\377\0008\000.\0008\000.\0001\000.\0005\000\040\000e\000x\000t\000e\000r\000n\000a\000l\000v\000e\000c\000t\000o\000r}{subsection.8.8.1}% 95
\BOOKMARK [1][-]{section.8.9}{\376\377\0008\000.\0009\000\040\000/\000t\000m\000p\000/\000T\000B\000-\000Q\000u\000a\000n\000t\000u\000m\000T\000r\000a\000n\000s\000p\000/\000s\000r\000c\000/\000T\000B\000-\000Q\000u\000a\000n\000t\000u\000m\000T\000r\000a\000n\000s\000p\000.\000c\000p\000p\000\040\000F\000i\000l\000e\000\040\000R\000e\000f\000e\000r\000e\000n\000c\000e}{chapter.8}% 96
\BOOKMARK [2][-]{subsection.8.9.1}{\376\377\0008\000.\0009\000.\0001\000\040\000F\000u\000n\000c\000t\000i\000o\000n\000\040\000D\000o\000c\000u\000m\000e\000n\000t\000a\000t\000i\000o\000n}{section.8.9}% 97
\BOOKMARK [3][-]{subsubsection.8.9.1.1}{\376\377\0008\000.\0009\000.\0001\000.\0001\000\040\000m\000a\000i\000n\000\050\000i\000n\000t\000\040\000a\000r\000g\000c\000,\000\040\000c\000h\000a\000r\000\040\000*\000*\000a\000r\000g\000v\000\051}{subsection.8.9.1}% 98
