8.55 -0.00317911
8.5407 -0.00681683
8.53135 -0.0109216
8.52196 -0.0154916
8.51252 -0.0205139
8.50305 -0.0259644
8.49353 -0.0318083
8.48397 -0.0380006
8.47436 -0.0444875
8.46472 -0.0512086
8.45503 -0.0580992
8.4453 -0.0650925
8.43552 -0.0721227
8.42571 -0.0791281
8.41585 -0.0860533
8.40595 -0.0928517
8.396 -0.0994877
8.38602 -0.105938
8.37599 -0.112192
8.36592 -0.11825
8.35581 -0.124127
8.34565 -0.129845
8.33546 -0.135432
8.32522 -0.140919
8.31494 -0.146339
8.30462 -0.151715
8.29426 -0.157062
8.28385 -0.162382
8.27341 -0.167655
8.26292 -0.172844
8.25239 -0.177884
8.24182 -0.182691
8.2312 -0.187153
8.22055 -0.191139
8.20986 -0.194499
8.19912 -0.197074
8.18834 -0.198695
8.17752 -0.199199
8.16666 -0.198432
8.15576 -0.196261
8.14482 -0.192579
8.13384 -0.187318
8.12281 -0.180454
8.11175 -0.172011
8.10065 -0.16207
8.0895 -0.150762
8.07831 -0.138277
8.06709 -0.124853
8.05582 -0.110774
8.04451 -0.096359
8.03316 -0.0819548
8.02177 -0.0679216
8.01034 -0.0546201
7.99887 -0.0423985
7.98736 -0.0315777
7.97581 -0.0224389
7.96422 -0.0152113
7.95259 -0.0100621
7.94092 -0.00708874
7.92921 -0.00631387
7.91746 -0.00768308
7.90567 -0.011066
7.89385 -0.0162601
7.88198 -0.0229981
7.87007 -0.030957
7.85812 -0.0397706
7.84613 -0.0490425
7.83411 -0.0583617
7.82204 -0.0673175
7.80993 -0.075515
7.79779 -0.0825899
7.7856 -0.0882217
7.77338 -0.0921449
7.76112 -0.0941583
7.74882 -0.0941311
7.73648 -0.0920058
7.7241 -0.0877984
7.71168 -0.0815954
7.69922 -0.0735475
7.68673 -0.0638608
7.67419 -0.0527861
7.66162 -0.0406062
7.64901 -0.0276222
7.63636 -0.0141398
7.62367 -0.000455482
7.61095 0.0131558
7.59818 0.0264512
7.58538 0.0392288
7.57254 0.0513333
7.55966 0.0626592
7.54674 0.0731505
7.53379 0.0827979
7.5208 0.0916337
7.50777 0.0997238
7.4947 0.107158
7.48159 0.114041
7.46845 0.120481
7.45527 0.126578
7.44205 0.132418
7.42879 0.138062
7.4155 0.143546
7.40217 0.148871
7.3888 0.154007
7.3754 0.158896
7.36195 0.163453
7.34848 0.167576
7.33496 0.171149
7.32141 0.174055
7.30782 0.176182
7.29419 0.177432
7.28053 0.177728
7.26683 0.177019
7.25309 0.175284
7.23932 0.172537
7.22551 0.16882
7.21167 0.164207
7.19779 0.158796
7.18387 0.152707
7.16992 0.146073
7.15593 0.139034
7.1419 0.13173
7.12784 0.124299
7.11374 0.116864
7.09961 0.109535
7.08544 0.102405
7.07124 0.0955477
7.057 0.0890173
7.04272 0.0828504
7.02841 0.0770677
7.01406 0.0716763
6.99968 0.0666729
6.98527 0.0620463
6.97081 0.05778
6.95633 0.053854
6.94181 0.0502465
6.92725 0.0469341
6.91266 0.043892
6.89803 0.0410935
6.88337 0.0385091
6.86868 0.0361056
6.85395 0.0338452
6.83918 0.0316849
6.82438 0.0295767
6.80955 0.0274679
6.79468 0.025303
6.77978 0.0230249
6.76485 0.020578
6.74988 0.0179108
6.73488 0.0149793
6.71984 0.0117495
6.70477 0.00820078
6.68966 0.00432733
6.67452 0.000139937
6.65935 -0.00433376
6.64415 -0.00904974
6.62891 -0.0139492
6.61364 -0.0189608
6.59833 -0.0240041
6.58299 -0.0289929
6.56762 -0.0338395
6.55222 -0.0384587
6.53678 -0.0427714
6.52131 -0.0467077
6.50581 -0.0502103
6.49027 -0.0532354
6.4747 -0.0557541
6.4591 -0.0577526
6.44347 -0.059231
6.4278 -0.0602022
6.41211 -0.0606897
6.39638 -0.0607252
6.38061 -0.0603461
6.36482 -0.059593
6.34899 -0.0585071
6.33314 -0.0571286
6.31724 -0.0554949
6.30132 -0.0536394
6.28537 -0.0515911
6.26938 -0.0493745
6.25337 -0.0470098
6.23732 -0.0445135
6.22124 -0.0418993
6.20513 -0.0391789
6.18899 -0.036363
6.17282 -0.0334621
6.15661 -0.0304874
6.14038 -0.0274509
6.12411 -0.0243662
6.10781 -0.0212481
6.09149 -0.018113
6.07513 -0.0149782
6.05874 -0.0118618
6.04232 -0.00878191
6.02587 -0.0057566
6.00939 -0.00280302
5.99288 6.29585e-05
5.97634 0.00282725
5.95977 0.00547791
5.94317 0.00800552
5.92654 0.0104035
5.90989 0.0126682
5.8932 0.0147993
5.87648 0.0167995
5.85973 0.018675
5.84295 0.020435
5.82614 0.0220917
5.80931 0.0236601
5.79244 0.0251573
5.77555 0.0266022
5.75862 0.0280147
5.74167 0.029415
5.72469 0.0308229
5.70768 0.0322566
5.69064 0.0337319
5.67357 0.0352614
5.65648 0.0368537
5.63935 0.0385125
5.6222 0.0402362
5.60502 0.0420175
5.58781 0.0438434
5.57057 0.0456952
5.55331 0.0475488
5.53601 0.0493757
5.51869 0.0511433
5.50134 0.0528161
5.48397 0.0543572
5.46656 0.055729
5.44913 0.0568948
5.43167 0.0578201
5.41419 0.0584737
5.39667 0.058829
5.37913 0.0588648
5.36157 0.0585663
5.34397 0.0579258
5.32635 0.0569427
5.3087 0.055624
5.29103 0.0539842
5.27333 0.0520448
5.2556 0.0498338
5.23784 0.047385
5.22006 0.0447369
5.20226 0.0419317
5.18442 0.0390141
5.16656 0.0360296
5.14868 0.0330238
5.13077 0.0300404
5.11283 0.0271205
5.09487 0.0243011
5.07688 0.0216141
5.05887 0.0190859
5.04083 0.0167366
5.02276 0.0145798
5.00468 0.0126224
4.98656 0.0108653
4.96842 0.00930359
4.95026 0.00792735
4.93207 0.0067225
4.91385 0.00567188
4.89561 0.00475627
4.87735 0.00395551
4.85906 0.00324945
4.84075 0.00261896
4.82241 0.0020466
4.80405 0.00151723
4.78567 0.00101838
4.76726 0.000540311
4.74882 7.59901e-05
4.73037 -0.000379272
4.71189 -0.000828301
4.69338 -0.0012727
4.67485 -0.00171362
4.6563 -0.00215253
4.63773 -0.00259209
4.61913 -0.00303687
4.60051 -0.00349408
4.58186 -0.00397404
4.56319 -0.00449064
4.5445 -0.00506141
4.52579 -0.00570751
4.50705 -0.00645339
4.48829 -0.00732625
4.46951 -0.00835523
4.45071 -0.00957045
4.43188 -0.0110018
4.41303 -0.0126777
4.39416 -0.0146236
4.37527 -0.0168605
4.35636 -0.019404
4.33742 -0.0222624
4.31846 -0.0254361
4.29948 -0.0289165
4.28048 -0.0326856
4.26146 -0.0367156
4.24241 -0.0409693
4.22335 -0.0454005
4.20426 -0.0499552
4.18515 -0.0545726
4.16602 -0.0591871
4.14687 -0.0637299
4.1277 -0.0681315
4.10851 -0.0723238
4.08929 -0.0762423
4.07006 -0.0798282
4.05081 -0.0830307
4.03153 -0.0858085
4.01224 -0.0881312
3.99292 -0.0899805
3.97359 -0.0913505
3.95424 -0.092248
3.93486 -0.0926921
3.91547 -0.0927134
3.89605 -0.092353
3.87662 -0.0916608
3.85717 -0.090694
3.8377 -0.0895149
3.8182 -0.088189
3.79869 -0.0867833
3.77916 -0.0853637
3.75961 -0.0839936
3.74005 -0.0827319
3.72046 -0.0816315
3.70086 -0.0807384
3.68123 -0.0800903
3.66159 -0.0797161
3.64193 -0.0796354
3.62225 -0.0798586
3.60255 -0.0803869
3.58284 -0.0812125
3.5631 -0.0823197
3.54335 -0.0836854
3.52358 -0.0852805
3.5038 -0.0870709
3.48399 -0.0890189
3.46417 -0.0910849
3.44433 -0.0932288
3.42448 -0.0954115
3.4046 -0.0975968
3.38471 -0.0997524
3.3648 -0.101852
3.34488 -0.103874
3.32494 -0.105808
3.30498 -0.107649
3.285 -0.109402
3.26501 -0.111079
3.245 -0.112702
3.22498 -0.114301
3.20494 -0.115912
3.18488 -0.117577
3.16481 -0.119342
3.14472 -0.121254
3.12462 -0.123363
3.1045 -0.125717
3.08436 -0.128361
3.06421 -0.131334
3.04405 -0.134671
3.02386 -0.1384
3.00367 -0.14254
2.98346 -0.147103
2.96323 -0.152089
2.94299 -0.157495
2.92273 -0.163305
2.90246 -0.169501
2.88217 -0.176055
2.86187 -0.182936
2.84156 -0.190111
2.82123 -0.197543
2.80089 -0.205195
2.78053 -0.21303
2.76016 -0.221012
2.73977 -0.229108
2.71937 -0.237287
2.69896 -0.245519
2.67853 -0.253779
2.6581 -0.262044
2.63764 -0.270293
2.61718 -0.278506
2.5967 -0.286666
2.5762 -0.294757
2.5557 -0.302763
2.53518 -0.310669
2.51465 -0.318461
2.49411 -0.326125
2.47355 -0.333648
2.45298 -0.341018
2.4324 -0.348225
2.41181 -0.355261
2.3912 -0.362121
2.37059 -0.368802
2.34996 -0.375306
2.32932 -0.381638
2.30866 -0.387808
2.288 -0.39383
2.26732 -0.399723
2.24664 -0.405507
2.22594 -0.411209
2.20523 -0.416857
2.18451 -0.422483
2.16377 -0.428117
2.14303 -0.433794
2.12228 -0.439544
2.10151 -0.445401
2.08074 -0.451394
2.05996 -0.45755
2.03916 -0.463894
2.01835 -0.470447
1.99754 -0.477226
1.97671 -0.484245
1.95588 -0.491514
1.93503 -0.499039
1.91418 -0.506822
1.89331 -0.514862
1.87244 -0.523154
1.85155 -0.531693
1.83066 -0.54047
1.80976 -0.549472
1.78885 -0.55869
1.76793 -0.56811
1.747 -0.577718
1.72606 -0.587503
1.70511 -0.597451
1.68416 -0.607552
1.66319 -0.617794
1.64222 -0.628169
1.62124 -0.638668
1.60025 -0.649287
1.57925 -0.660019
1.55825 -0.670862
1.53724 -0.681811
1.51622 -0.692867
1.49519 -0.704026
1.47415 -0.715287
1.45311 -0.726647
1.43206 -0.738103
1.411 -0.749651
1.38994 -0.761285
1.36887 -0.772998
1.34779 -0.784779
1.32671 -0.796619
1.30562 -0.808504
1.28452 -0.820421
1.26341 -0.832354
1.2423 -0.844285
1.22118 -0.856198
1.20006 -0.868074
1.17893 -0.879892
1.1578 -0.891634
1.13666 -0.903277
1.11551 -0.9148
1.09436 -0.926181
1.0732 -0.937395
1.05204 -0.948416
1.03087 -0.95922
1.00969 -0.969776
0.988514 -0.980058
0.96733 -0.990036
0.946142 -0.999679
0.924948 -1.00896
0.90375 -1.01785
0.882548 -1.02632
0.861341 -1.03434
0.840129 -1.04191
0.818914 -1.049
0.797694 -1.05561
0.77647 -1.06173
0.755243 -1.06736
0.734011 -1.07251
0.712776 -1.07719
0.691538 -1.08142
0.670295 -1.08522
0.64905 -1.08862
0.627801 -1.09165
0.606549 -1.09433
0.585294 -1.09669
0.564036 -1.09875
0.542776 -1.10055
0.521512 -1.10212
0.500246 -1.10346
0.478977 -1.10461
0.457706 -1.10559
0.436433 -1.1064
0.415158 -1.10707
0.39388 -1.10762
0.3726 -1.10805
0.351319 -1.10837
0.330036 -1.10861
0.308751 -1.10878
0.287465 -1.10888
0.266177 -1.10894
0.244887 -1.10895
0.223597 -1.10894
0.202305 -1.10891
0.181013 -1.10887
0.159719 -1.10883
0.138425 -1.10878
0.11713 -1.10874
0.0958345 -1.1087
0.0745384 -1.10867
0.053242 -1.10865
0.0319453 -1.10864
0.0106485 -1.10864
-0.0106485 -1.10864
-0.0319453 -1.10865
-0.053242 -1.10867
-0.0745384 -1.1087
-0.0958345 -1.10874
-0.11713 -1.10878
-0.138425 -1.10883
-0.159719 -1.10887
-0.181013 -1.10891
-0.202305 -1.10894
-0.223597 -1.10895
-0.244887 -1.10894
-0.266177 -1.10888
-0.287465 -1.10878
-0.308751 -1.10861
-0.330036 -1.10838
-0.351319 -1.10805
-0.3726 -1.10763
-0.39388 -1.10709
-0.415158 -1.10643
-0.436433 -1.10563
-0.457706 -1.10468
-0.478977 -1.10356
-0.500246 -1.10224
-0.521512 -1.10073
-0.542776 -1.09898
-0.564036 -1.09698
-0.585294 -1.09471
-0.606549 -1.09212
-0.627801 -1.08921
-0.64905 -1.08593
-0.670295 -1.08227
-0.691538 -1.07818
-0.712776 -1.07366
-0.734011 -1.06867
-0.755243 -1.0632
-0.77647 -1.05723
-0.797694 -1.05077
-0.818914 -1.04379
-0.840129 -1.03632
-0.861341 -1.02834
-0.882548 -1.01989
-0.90375 -1.01097
-0.924948 -1.00161
-0.946142 -0.991818
-0.96733 -0.981637
-0.988514 -0.971089
-1.00969 -0.960205
-1.03087 -0.949017
-1.05204 -0.937555
-1.0732 -0.925853
-1.09436 -0.913943
-1.11551 -0.901858
-1.13666 -0.88963
-1.1578 -0.877292
-1.17893 -0.864875
-1.20006 -0.85241
-1.22118 -0.839925
-1.2423 -0.827449
-1.26341 -0.815008
-1.28452 -0.802625
-1.30562 -0.790322
-1.32671 -0.778115
-1.34779 -0.766021
-1.36887 -0.754051
-1.38994 -0.742215
-1.411 -0.730517
-1.43206 -0.718962
-1.45311 -0.70755
-1.47415 -0.696279
-1.49519 -0.685148
-1.51622 -0.674151
-1.53724 -0.663286
-1.55825 -0.652549
-1.57925 -0.641935
-1.60025 -0.631441
-1.62124 -0.621068
-1.64222 -0.610814
-1.66319 -0.600682
-1.68416 -0.590675
-1.70511 -0.580799
-1.72606 -0.57106
-1.747 -0.561467
-1.76793 -0.55203
-1.78885 -0.542759
-1.80976 -0.533665
-1.83066 -0.524761
-1.85155 -0.516057
-1.87244 -0.507565
-1.89331 -0.499295
-1.91418 -0.491255
-1.93503 -0.483454
-1.95588 -0.475897
-1.97671 -0.468586
-1.99754 -0.461523
-2.01835 -0.454706
-2.03916 -0.448131
-2.05996 -0.441789
-2.08074 -0.435672
-2.10151 -0.429767
-2.12228 -0.424059
-2.14303 -0.41853
-2.16377 -0.413161
-2.18451 -0.407931
-2.20523 -0.402817
-2.22594 -0.397795
-2.24664 -0.392838
-2.26732 -0.387922
-2.288 -0.383018
-2.30866 -0.378099
-2.32932 -0.373138
-2.34996 -0.368107
-2.37059 -0.362979
-2.3912 -0.357728
-2.41181 -0.352329
-2.4324 -0.346761
-2.45298 -0.341002
-2.47355 -0.335037
-2.49411 -0.328853
-2.51465 -0.322441
-2.53518 -0.315798
-2.5557 -0.308927
-2.5762 -0.301836
-2.5967 -0.29454
-2.61718 -0.287061
-2.63764 -0.279424
-2.6581 -0.271664
-2.67853 -0.263818
-2.69896 -0.255926
-2.71937 -0.248035
-2.73977 -0.240188
-2.76016 -0.232434
-2.78053 -0.224815
-2.80089 -0.217375
-2.82123 -0.210151
-2.84156 -0.203177
-2.86187 -0.196479
-2.88217 -0.190078
-2.90246 -0.183987
-2.92273 -0.178212
-2.94299 -0.172753
-2.96323 -0.167604
-2.98346 -0.162753
-3.00367 -0.158184
-3.02386 -0.153877
-3.04405 -0.149811
-3.06421 -0.145965
-3.08436 -0.142315
-3.1045 -0.13884
-3.12462 -0.135523
-3.14472 -0.132345
-3.16481 -0.129293
-3.18488 -0.126356
-3.20494 -0.123524
-3.22498 -0.120791
-3.245 -0.118153
-3.26501 -0.115605
-3.285 -0.113143
-3.30498 -0.110764
-3.32494 -0.108463
-3.34488 -0.106233
-3.3648 -0.104064
-3.38471 -0.101946
-3.4046 -0.0998643
-3.42448 -0.0978019
-3.44433 -0.09574
-3.46417 -0.0936574
-3.48399 -0.0915318
-3.5038 -0.0893404
-3.52358 -0.0870607
-3.54335 -0.0846719
-3.5631 -0.0821556
-3.58284 -0.0794971
-3.60255 -0.0766866
-3.62225 -0.0737201
-3.64193 -0.0706001
-3.66159 -0.0673364
-3.68123 -0.0639467
-3.70086 -0.0604565
-3.72046 -0.056899
-3.74005 -0.0533145
-3.75961 -0.0497497
-3.77916 -0.0462563
-3.79869 -0.0428896
-3.8182 -0.0397066
-3.8377 -0.036764
-3.85717 -0.0341164
-3.87662 -0.0318137
-3.89605 -0.0298992
-3.91547 -0.0284081
-3.93486 -0.0273654
-3.95424 -0.026785
-3.97359 -0.0266688
-3.99292 -0.0270064
-4.01224 -0.0277756
-4.03153 -0.0289428
-4.05081 -0.0304645
-4.07006 -0.0322888
-4.08929 -0.0343575
-4.10851 -0.0366081
-4.1277 -0.0389762
-4.14687 -0.0413978
-4.16602 -0.0438113
-4.18515 -0.0461594
-4.20426 -0.0483905
-4.22335 -0.0504599
-4.24241 -0.0523304
-4.26146 -0.0539726
-4.28048 -0.0553645
-4.29948 -0.0564914
-4.31846 -0.0573444
-4.33742 -0.0579199
-4.35636 -0.0582188
-4.37527 -0.0582445
-4.39416 -0.0580031
-4.41303 -0.057502
-4.43188 -0.0567496
-4.45071 -0.0557552
-4.46951 -0.0545291
-4.48829 -0.0530829
-4.50705 -0.05143
-4.52579 -0.0495864
-4.5445 -0.0475715
-4.56319 -0.0454084
-4.58186 -0.0431249
-4.60051 -0.0407536
-4.61913 -0.038332
-4.63773 -0.0359025
-4.6563 -0.0335114
-4.67485 -0.0312083
-4.69338 -0.0290451
-4.71189 -0.0270741
-4.73037 -0.0253471
-4.74882 -0.0239133
-4.76726 -0.022818
-4.78567 -0.0221007
-4.80405 -0.0217943
-4.82241 -0.0219237
-4.84075 -0.0225048
-4.85906 -0.0235444
-4.87735 -0.02504
-4.89561 -0.0269794
-4.91385 -0.0293416
-4.93207 -0.0320975
-4.95026 -0.0352101
-4.96842 -0.0386361
-4.98656 -0.0423263
-5.00468 -0.0462271
-5.02276 -0.0502809
-5.04083 -0.0544278
-5.05887 -0.0586056
-5.07688 -0.0627515
-5.09487 -0.0668021
-5.11283 -0.0706947
-5.13077 -0.0743678
-5.14868 -0.0777621
-5.16656 -0.0808212
-5.18442 -0.0834928
-5.20226 -0.0857293
-5.22006 -0.0874895
-5.23784 -0.0887393
-5.2556 -0.089453
-5.27333 -0.0896142
-5.29103 -0.0892171
-5.3087 -0.0882667
-5.32635 -0.0867797
-5.34397 -0.0847844
-5.36157 -0.0823203
-5.37913 -0.0794375
-5.39667 -0.0761952
-5.41419 -0.0726605
-5.43167 -0.0689063
-5.44913 -0.0650087
-5.46656 -0.0610446
-5.48397 -0.0570894
-5.50134 -0.0532138
-5.51869 -0.0494821
-5.53601 -0.0459495
-5.55331 -0.0426606
-5.57057 -0.0396481
-5.58781 -0.0369322
-5.60502 -0.0345207
-5.6222 -0.032409
-5.63935 -0.030582
-5.65648 -0.0290146
-5.67357 -0.0276747
-5.69064 -0.0265248
-5.70768 -0.0255245
-5.72469 -0.0246325
-5.74167 -0.0238095
-5.75862 -0.0230195
-5.77555 -0.0222314
-5.79244 -0.0214205
-5.80931 -0.0205687
-5.82614 -0.0196652
-5.84295 -0.0187056
-5.85973 -0.0176919
-5.87648 -0.0166312
-5.8932 -0.0155343
-5.90989 -0.0144149
-5.92654 -0.0132879
-5.94317 -0.012168
-5.95977 -0.0110687
-5.97634 -0.0100011
-5.99288 -0.00897343
-6.00939 -0.00799007
-6.02587 -0.0070515
-6.04232 -0.00615409
-6.05874 -0.00529029
-6.07513 -0.00444886
-6.09149 -0.00361539
-6.10781 -0.0027728
-6.12411 -0.00190212
-6.14038 -0.000983269
-6.15661 4.06925e-06
-6.17282 0.0010794
-6.18899 0.00226031
-6.20513 0.00356131
-6.22124 0.00499253
-6.23732 0.00655838
-6.25337 0.00825628
-6.26938 0.0100753
-6.28537 0.0119953
-6.30132 0.0139855
-6.31724 0.0160045
-6.33314 0.0179999
-6.34899 0.0199085
-6.36482 0.0216574
-6.38061 0.0231656
-6.39638 0.0243461
-6.41211 0.0251086
-6.4278 0.0253627
-6.44347 0.0250217
-6.4591 0.024006
-6.4747 0.0222474
-6.49027 0.0196924
-6.50581 0.0163055
-6.52131 0.0120719
-6.53678 0.00699935
-6.55222 0.00111925
-6.56762 -0.00551347
-6.58299 -0.0128211
-6.59833 -0.0207052
-6.61364 -0.0290492
-6.62891 -0.0377218
-6.64415 -0.0465812
-6.65935 -0.0554791
-6.67452 -0.0642656
-6.68966 -0.0727929
-6.70477 -0.0809205
-6.71984 -0.0885178
-6.73488 -0.0954684
-6.74988 -0.101672
-6.76485 -0.107047
-6.77978 -0.111532
-6.79468 -0.115087
-6.80955 -0.117693
-6.82438 -0.119353
-6.83918 -0.120093
-6.85395 -0.119959
-6.86868 -0.119017
-6.88337 -0.117353
-6.89803 -0.115071
-6.91266 -0.11229
-6.92725 -0.109142
-6.94181 -0.105771
-6.95633 -0.102324
-6.97081 -0.0989549
-6.98527 -0.0958118
-6.99968 -0.0930366
-7.01406 -0.0907577
-7.02841 -0.0890848
-7.04272 -0.0881037
-7.057 -0.0878716
-7.07124 -0.0884135
-7.08544 -0.0897193
-7.09961 -0.0917433
-7.11374 -0.0944045
-7.12784 -0.0975895
-7.1419 -0.101157
-7.15593 -0.104943
-7.16992 -0.10877
-7.18387 -0.112454
-7.19779 -0.115815
-7.21167 -0.118683
-7.22551 -0.120911
-7.23932 -0.122382
-7.25309 -0.123009
-7.26683 -0.122748
-7.28053 -0.12159
-7.29419 -0.119569
-7.30782 -0.11675
-7.32141 -0.11323
-7.33496 -0.109125
-7.34848 -0.104566
-7.36195 -0.0996833
-7.3754 -0.0946029
-7.3888 -0.0894324
-7.40217 -0.0842553
-7.4155 -0.0791244
-7.42879 -0.0740585
-7.44205 -0.0690411
-7.45527 -0.0640223
-7.46845 -0.0589234
-7.48159 -0.0536434
-7.4947 -0.0480682
-7.50777 -0.0420802
-7.5208 -0.0355696
-7.53379 -0.0284448
-7.54674 -0.0206424
-7.55966 -0.0121356
-7.57254 -0.00294015
-7.58538 0.00688136
-7.59818 0.0172191
-7.61095 0.027918
-7.62367 0.0387825
-7.63636 0.0495843
-7.64901 0.0600722
-7.66162 0.0699836
-7.67419 0.0790569
-7.68673 0.0870449
-7.69922 0.0937268
-7.71168 0.0989205
-7.7241 0.102493
-7.73648 0.104366
-7.74882 0.104526
-7.76112 0.103022
-7.77338 0.09997
-7.7856 0.0955461
-7.79779 0.0899834
-7.80993 0.0835628
-7.82204 0.076603
-7.83411 0.0694483
-7.84613 0.0624562
-7.85812 0.0559829
-7.87007 0.0503706
-7.88198 0.0459338
-7.89385 0.0429475
-7.90567 0.041637
-7.91746 0.0421695
-7.92921 0.0446476
-7.94092 0.0491065
-7.95259 0.0555125
-7.96422 0.0637654
-7.97581 0.0737025
-7.98736 0.0851058
-7.99887 0.0977108
-8.01034 0.111217
-8.02177 0.125298
-8.03316 0.139619
-8.04451 0.153843
-8.05582 0.167646
-8.06709 0.180728
-8.07831 0.192824
-8.0895 0.203707
-8.10065 0.213199
-8.11175 0.221175
-8.12281 0.227557
-8.13384 0.232323
-8.14482 0.235495
-8.15576 0.237139
-8.16666 0.237358
-8.17752 0.236283
-8.18834 0.234064
-8.19912 0.230866
-8.20986 0.226854
-8.22055 0.222192
-8.2312 0.217032
-8.24182 0.21151
-8.25239 0.205744
-8.26292 0.199825
-8.27341 0.193826
-8.28385 0.187792
-8.29426 0.18175
-8.30462 0.175706
-8.31494 0.169652
-8.32522 0.163568
-8.33546 0.157428
-8.34565 0.151203
-8.35581 0.144867
-8.36592 0.138397
-8.37599 0.13178
-8.38602 0.125012
-8.396 0.118103
-8.40595 0.111072
-8.41585 0.103952
-8.42571 0.0967848
-8.43552 0.0896225
-8.4453 0.0825229
-8.45503 0.075548
-8.46472 0.068761
-8.47436 0.0622234
-8.48397 0.0559927
-8.49353 0.0501201
-8.50305 0.0446483
-8.51252 0.0396104
-8.52196 0.0350291
-8.53135 0.030916
-8.5407 0.0272719
-8.55 0.0240878
